<?xml version="1.0" encoding="UTF-8"?>
<!-- Generated by org.testng.reporters.JUnitXMLReporter -->
<testsuite ignored="0" hostname="lakshanw.local" failures="0" tests="19" name="Command line test" time="0.106" errors="0" timestamp="2026-07-01T17:37:44 IST">
  <testcase classname="io.ballerina.servicemodelgenerator.extension.connector.ConnectorModelReaderTest" name="testMissingModelsReturnEmpty" time="0.003"/>
  <testcase classname="io.ballerina.servicemodelgenerator.extension.connector.ConnectorModelReaderTest" name="testReadKafkaConnectorModels" time="0.04"/>
  <testcase classname="io.ballerina.servicemodelgenerator.extension.connector.SchemaDrivenSourceGeneratorTest" name="testChoiceAndGroupSectionListener" time="0.01"/>
  <testcase classname="io.ballerina.servicemodelgenerator.extension.connector.SchemaDrivenSourceGeneratorTest" name="testFunctionEmissionFromMetadata" time="0.002"/>
  <testcase classname="io.ballerina.servicemodelgenerator.extension.connector.SchemaDrivenSourceGeneratorTest" name="testKafkaAddSourceMatchesHardcodedOutput" time="0.004"/>
  <testcase classname="io.ballerina.servicemodelgenerator.extension.connector.SchemaDrivenSourceGeneratorTest" name="testUseExistingListenerAttachesWithoutDeclaration" time="0.001"/>
  <testcase classname="io.ballerina.servicemodelgenerator.extension.connector.MetadataAdapterTest" name="testFunctionModelToWireFunction" time="0.005"/>
  <testcase classname="io.ballerina.servicemodelgenerator.extension.connector.MetadataAdapterTest" name="testLibraryArtifactToServiceTemplate" time="0.002"/>
  <testcase classname="io.ballerina.servicemodelgenerator.extension.connector.MetadataAdapterTest" name="testUnknownServiceTypeFallsBackToSingle" time="0.001"/>
  <testcase classname="io.ballerina.servicemodelgenerator.extension.connector.SchemaDrivenAddFunctionTest" name="testAdaptedFunctionGeneratesSource" time="0.005"/>
  <testcase classname="io.ballerina.servicemodelgenerator.extension.connector.SchemaDrivenAddFunctionTest" name="testDesignerFunctionsCarryConnectorCodedata" time="0.001"/>
  <testcase classname="io.ballerina.servicemodelgenerator.extension.connector.ExistingListenerResolverTest" name="testResolveConfigFromModelAndParsedArgs" time="0.003"/>
  <testcase classname="io.ballerina.servicemodelgenerator.extension.connector.ExistingListenerResolverTest" name="testSelectorHasNoOptionsSoNestedConfigRenders" time="0.002"/>
  <testcase classname="io.ballerina.servicemodelgenerator.extension.builder.function.FunctionEditOverlayTest" name="testOverlayAppliesConnectorMetadata" time="0.004"/>
  <testcase classname="io.ballerina.servicemodelgenerator.extension.builder.service.ListenerChoiceSelectionTest" name="testUseExistingDisabledWhenNoListeners" time="0.002"/>
  <testcase classname="io.ballerina.servicemodelgenerator.extension.builder.service.ListenerChoiceSelectionTest" name="testUseExistingEnabledAndDefaultWhenListenersPresent" time="0.001"/>
  <testcase classname="io.ballerina.servicemodelgenerator.extension.util.TriggerSearchUtilTest" name="testDeprecatedPackagesSkipped" time="0.002"/>
  <testcase classname="io.ballerina.servicemodelgenerator.extension.util.TriggerSearchUtilTest" name="testIsTriggerPackage" time="0.0"/>
  <testcase classname="io.ballerina.servicemodelgenerator.extension.util.TriggerSearchUtilTest" name="testToTriggerResultsFiltersAndMaps" time="0.001"/>
</testsuite> <!-- Command line test -->
