<?xml version="1.0" encoding="UTF-8"?>
<!-- Generated by org.testng.reporters.JUnitReportReporter -->
<testsuite hostname="lakshanw.local" failures="0" tests="2" name="io.ballerina.servicemodelgenerator.extension.builder.service.ListenerChoiceSelectionTest" time="0.003" errors="0" timestamp="2026-07-01T17:37:44 IST" skipped="0">
  <testcase classname="io.ballerina.servicemodelgenerator.extension.builder.service.ListenerChoiceSelectionTest" name="testUseExistingEnabledAndDefaultWhenListenersPresent" time="0.001"/>
  <system-out/>
  <testcase classname="io.ballerina.servicemodelgenerator.extension.builder.service.ListenerChoiceSelectionTest" name="testUseExistingDisabledWhenNoListeners" time="0.002"/>
  <system-out/>
</testsuite> <!-- io.ballerina.servicemodelgenerator.extension.builder.service.ListenerChoiceSelectionTest -->
