<?xml version="1.0" encoding="UTF-8"?>
<!-- Generated by org.testng.reporters.JUnitReportReporter -->
<testsuite hostname="lakshanw.local" failures="0" tests="4" name="io.ballerina.servicemodelgenerator.extension.connector.SchemaDrivenSourceGeneratorTest" time="0.017" errors="0" timestamp="2026-07-01T17:37:44 IST" skipped="0">
  <testcase classname="io.ballerina.servicemodelgenerator.extension.connector.SchemaDrivenSourceGeneratorTest" name="testChoiceAndGroupSectionListener" time="0.010"/>
  <system-out/>
  <testcase classname="io.ballerina.servicemodelgenerator.extension.connector.SchemaDrivenSourceGeneratorTest" name="testFunctionEmissionFromMetadata" time="0.002"/>
  <system-out/>
  <testcase classname="io.ballerina.servicemodelgenerator.extension.connector.SchemaDrivenSourceGeneratorTest" name="testKafkaAddSourceMatchesHardcodedOutput" time="0.004"/>
  <system-out/>
  <testcase classname="io.ballerina.servicemodelgenerator.extension.connector.SchemaDrivenSourceGeneratorTest" name="testUseExistingListenerAttachesWithoutDeclaration" time="0.001"/>
  <system-out/>
</testsuite> <!-- io.ballerina.servicemodelgenerator.extension.connector.SchemaDrivenSourceGeneratorTest -->
