<?xml version="1.0" encoding="UTF-8"?>
<!-- Generated by org.testng.reporters.JUnitReportReporter -->
<testsuite hostname="lakshanw.local" failures="0" tests="3" name="io.ballerina.servicemodelgenerator.extension.connector.MetadataAdapterTest" time="0.008" errors="0" timestamp="2026-07-01T17:37:44 IST" skipped="0">
  <testcase classname="io.ballerina.servicemodelgenerator.extension.connector.MetadataAdapterTest" name="testUnknownServiceTypeFallsBackToSingle" time="0.001"/>
  <system-out/>
  <testcase classname="io.ballerina.servicemodelgenerator.extension.connector.MetadataAdapterTest" name="testFunctionModelToWireFunction" time="0.005"/>
  <system-out/>
  <testcase classname="io.ballerina.servicemodelgenerator.extension.connector.MetadataAdapterTest" name="testLibraryArtifactToServiceTemplate" time="0.002"/>
  <system-out/>
</testsuite> <!-- io.ballerina.servicemodelgenerator.extension.connector.MetadataAdapterTest -->
