<?xml version="1.0" encoding="UTF-8"?>
<!-- Generated by org.testng.reporters.JUnitReportReporter -->
<testsuite hostname="lakshanw.local" failures="0" tests="1" name="io.ballerina.servicemodelgenerator.extension.builder.function.FunctionEditOverlayTest" time="0.004" errors="0" timestamp="2026-07-01T17:37:44 IST" skipped="0">
  <testcase classname="io.ballerina.servicemodelgenerator.extension.builder.function.FunctionEditOverlayTest" name="testOverlayAppliesConnectorMetadata" time="0.004"/>
  <system-out/>
</testsuite> <!-- io.ballerina.servicemodelgenerator.extension.builder.function.FunctionEditOverlayTest -->
