<?xml version="1.0" encoding="UTF-8"?>
<!-- Generated by org.testng.reporters.JUnitReportReporter -->
<testsuite hostname="lakshanw.local" failures="0" tests="2" name="io.ballerina.servicemodelgenerator.extension.connector.ExistingListenerResolverTest" time="0.005" errors="0" timestamp="2026-07-01T17:37:44 IST" skipped="0">
  <testcase classname="io.ballerina.servicemodelgenerator.extension.connector.ExistingListenerResolverTest" name="testSelectorHasNoOptionsSoNestedConfigRenders" time="0.002"/>
  <system-out/>
  <testcase classname="io.ballerina.servicemodelgenerator.extension.connector.ExistingListenerResolverTest" name="testResolveConfigFromModelAndParsedArgs" time="0.003"/>
  <system-out/>
</testsuite> <!-- io.ballerina.servicemodelgenerator.extension.connector.ExistingListenerResolverTest -->
